<?xml version="1.0" encoding="UTF-8"?>
<!-- Generated by org.testng.reporters.JUnitReportReporter -->
<testsuite skipped="0" hostname="DESKTOP-1J8QQ19" name="Test.Test" tests="2" failures="0" timestamp="14 Oct 2018 11:33:38 GMT" time="17.145" errors="0">
  <testcase name="test_Home_Page_Appear_Correct" time="5.032" classname="Test.Test"/>
  <testcase name="customer" time="12.113" classname="Test.Test"/>
</testsuite> <!-- Test.Test -->
